<?xml version="1.0" encoding="UTF-8"?>
<!-- Generated by org.testng.reporters.JUnitReportReporter -->
<testsuite hostname="LAPTOP-B43NS9G1" failures="0" tests="1" name="webapps.capabilities" time="24.550" errors="0" timestamp="2022-11-30T18:02:48 IST" skipped="0">
  <testcase classname="webapps.capabilities" name="testcase" time="24.550"/>
  <system-out/>
</testsuite> <!-- webapps.capabilities -->
