<?xml version="1.0" encoding="UTF-8"?>
<!-- Generated by org.testng.reporters.JUnitReportReporter -->
<testsuite hostname="LAPTOP-B43NS9G1" failures="0" tests="3" name="webapps.hybridApps" time="33.113" errors="0" timestamp="2022-12-10T10:24:16 IST" skipped="2">
  <testcase classname="webapps.hybridApps" name="scroll" time="33.113"/>
  <system-out/>
  <testcase classname="webapps.hybridApps" name="negative">
    <skipped/>
  </testcase> <!-- negative -->
  <system-out/>
  <testcase classname="webapps.hybridApps" name="positive">
    <skipped/>
  </testcase> <!-- positive -->
  <system-out/>
</testsuite> <!-- webapps.hybridApps -->
