<?xml version="1.0" encoding="UTF-8"?>
<!-- Generated by org.testng.reporters.JUnitReportReporter -->
<testsuite hostname="LAPTOP-B43NS9G1" failures="0" tests="1" name="webapps.native_class$capabilities" time="0.010" errors="0" timestamp="2022-12-02T16:54:36 IST" skipped="0">
  <testcase classname="webapps.native_class$capabilities" name="test" time="0.010"/>
  <system-out/>
</testsuite> <!-- webapps.native_class$capabilities -->
